{"total": {"lines":{"total":813,"covered":523,"skipped":0,"pct":64.32},"statements":{"total":895,"covered":555,"skipped":0,"pct":62.01},"functions":{"total":293,"covered":183,"skipped":0,"pct":62.45},"branches":{"total":571,"covered":288,"skipped":0,"pct":50.43},"branchesTrue":{"total":0,"covered":0,"skipped":0,"pct":100}}
,"/Users/pedromendoza/Documents/reservamos/siempreplus-widget/src/factory.js": {"lines":{"total":4,"covered":0,"skipped":0,"pct":0},"functions":{"total":3,"covered":0,"skipped":0,"pct":0},"statements":{"total":5,"covered":0,"skipped":0,"pct":0},"branches":{"total":0,"covered":0,"skipped":0,"pct":100}}
,"/Users/pedromendoza/Documents/reservamos/siempreplus-widget/src/index.js": {"lines":{"total":1,"covered":0,"skipped":0,"pct":0},"functions":{"total":0,"covered":0,"skipped":0,"pct":100},"statements":{"total":1,"covered":0,"skipped":0,"pct":0},"branches":{"total":0,"covered":0,"skipped":0,"pct":100}}
,"/Users/pedromendoza/Documents/reservamos/siempreplus-widget/src/components/DotersHeader.js": {"lines":{"total":6,"covered":1,"skipped":0,"pct":16.66},"functions":{"total":1,"covered":0,"skipped":0,"pct":0},"statements":{"total":7,"covered":1,"skipped":0,"pct":14.28},"branches":{"total":2,"covered":0,"skipped":0,"pct":0}}
,"/Users/pedromendoza/Documents/reservamos/siempreplus-widget/src/components/EmailSentContent.js": {"lines":{"total":3,"covered":3,"skipped":0,"pct":100},"functions":{"total":2,"covered":2,"skipped":0,"pct":100},"statements":{"total":3,"covered":3,"skipped":0,"pct":100},"branches":{"total":0,"covered":0,"skipped":0,"pct":100}}
,"/Users/pedromendoza/Documents/reservamos/siempreplus-widget/src/components/ForgotPinContent.js": {"lines":{"total":24,"covered":24,"skipped":0,"pct":100},"functions":{"total":9,"covered":9,"skipped":0,"pct":100},"statements":{"total":24,"covered":24,"skipped":0,"pct":100},"branches":{"total":0,"covered":0,"skipped":0,"pct":100}}
,"/Users/pedromendoza/Documents/reservamos/siempreplus-widget/src/components/LoadingDots.js": {"lines":{"total":2,"covered":2,"skipped":0,"pct":100},"functions":{"total":1,"covered":1,"skipped":0,"pct":100},"statements":{"total":2,"covered":2,"skipped":0,"pct":100},"branches":{"total":0,"covered":0,"skipped":0,"pct":100}}
,"/Users/pedromendoza/Documents/reservamos/siempreplus-widget/src/components/LoadingPulse.js": {"lines":{"total":2,"covered":2,"skipped":0,"pct":100},"functions":{"total":1,"covered":1,"skipped":0,"pct":100},"statements":{"total":2,"covered":2,"skipped":0,"pct":100},"branches":{"total":1,"covered":1,"skipped":0,"pct":100}}
,"/Users/pedromendoza/Documents/reservamos/siempreplus-widget/src/components/MenuItem.js": {"lines":{"total":2,"covered":1,"skipped":0,"pct":50},"functions":{"total":1,"covered":0,"skipped":0,"pct":0},"statements":{"total":2,"covered":1,"skipped":0,"pct":50},"branches":{"total":0,"covered":0,"skipped":0,"pct":100}}
,"/Users/pedromendoza/Documents/reservamos/siempreplus-widget/src/components/ProfileContent.js": {"lines":{"total":9,"covered":1,"skipped":0,"pct":11.11},"functions":{"total":2,"covered":0,"skipped":0,"pct":0},"statements":{"total":9,"covered":1,"skipped":0,"pct":11.11},"branches":{"total":10,"covered":0,"skipped":0,"pct":0}}
,"/Users/pedromendoza/Documents/reservamos/siempreplus-widget/src/components/ProfileModal.js": {"lines":{"total":29,"covered":0,"skipped":0,"pct":0},"functions":{"total":7,"covered":0,"skipped":0,"pct":0},"statements":{"total":33,"covered":0,"skipped":0,"pct":0},"branches":{"total":16,"covered":0,"skipped":0,"pct":0}}
,"/Users/pedromendoza/Documents/reservamos/siempreplus-widget/src/components/ResetPassContent.js": {"lines":{"total":2,"covered":0,"skipped":0,"pct":0},"functions":{"total":1,"covered":0,"skipped":0,"pct":0},"statements":{"total":2,"covered":0,"skipped":0,"pct":0},"branches":{"total":0,"covered":0,"skipped":0,"pct":100}}
,"/Users/pedromendoza/Documents/reservamos/siempreplus-widget/src/components/Root.js": {"lines":{"total":88,"covered":0,"skipped":0,"pct":0},"functions":{"total":18,"covered":0,"skipped":0,"pct":0},"statements":{"total":94,"covered":0,"skipped":0,"pct":0},"branches":{"total":112,"covered":0,"skipped":0,"pct":0}}
,"/Users/pedromendoza/Documents/reservamos/siempreplus-widget/src/components/SiemprePlusUserInfo.js": {"lines":{"total":2,"covered":2,"skipped":0,"pct":100},"functions":{"total":1,"covered":1,"skipped":0,"pct":100},"statements":{"total":2,"covered":2,"skipped":0,"pct":100},"branches":{"total":2,"covered":2,"skipped":0,"pct":100}}
,"/Users/pedromendoza/Documents/reservamos/siempreplus-widget/src/components/SignIn.js": {"lines":{"total":35,"covered":35,"skipped":0,"pct":100},"functions":{"total":6,"covered":6,"skipped":0,"pct":100},"statements":{"total":39,"covered":38,"skipped":0,"pct":97.43},"branches":{"total":26,"covered":24,"skipped":0,"pct":92.3}}
,"/Users/pedromendoza/Documents/reservamos/siempreplus-widget/src/components/SignInButton.js": {"lines":{"total":2,"covered":2,"skipped":0,"pct":100},"functions":{"total":1,"covered":1,"skipped":0,"pct":100},"statements":{"total":2,"covered":2,"skipped":0,"pct":100},"branches":{"total":4,"covered":4,"skipped":0,"pct":100}}
,"/Users/pedromendoza/Documents/reservamos/siempreplus-widget/src/components/SignInContent.js": {"lines":{"total":36,"covered":36,"skipped":0,"pct":100},"functions":{"total":12,"covered":12,"skipped":0,"pct":100},"statements":{"total":36,"covered":36,"skipped":0,"pct":100},"branches":{"total":6,"covered":6,"skipped":0,"pct":100}}
,"/Users/pedromendoza/Documents/reservamos/siempreplus-widget/src/components/SignInLink.js": {"lines":{"total":1,"covered":1,"skipped":0,"pct":100},"functions":{"total":1,"covered":1,"skipped":0,"pct":100},"statements":{"total":2,"covered":2,"skipped":0,"pct":100},"branches":{"total":6,"covered":5,"skipped":0,"pct":83.33}}
,"/Users/pedromendoza/Documents/reservamos/siempreplus-widget/src/components/SignInLinkHome.js": {"lines":{"total":6,"covered":6,"skipped":0,"pct":100},"functions":{"total":1,"covered":1,"skipped":0,"pct":100},"statements":{"total":6,"covered":6,"skipped":0,"pct":100},"branches":{"total":12,"covered":10,"skipped":0,"pct":83.33}}
,"/Users/pedromendoza/Documents/reservamos/siempreplus-widget/src/components/SignInModal.js": {"lines":{"total":16,"covered":11,"skipped":0,"pct":68.75},"functions":{"total":5,"covered":4,"skipped":0,"pct":80},"statements":{"total":16,"covered":11,"skipped":0,"pct":68.75},"branches":{"total":8,"covered":4,"skipped":0,"pct":50}}
,"/Users/pedromendoza/Documents/reservamos/siempreplus-widget/src/components/SignInWith.js": {"lines":{"total":4,"covered":4,"skipped":0,"pct":100},"functions":{"total":3,"covered":3,"skipped":0,"pct":100},"statements":{"total":5,"covered":5,"skipped":0,"pct":100},"branches":{"total":11,"covered":10,"skipped":0,"pct":90.9}}
,"/Users/pedromendoza/Documents/reservamos/siempreplus-widget/src/components/SignUpContent.js": {"lines":{"total":148,"covered":145,"skipped":0,"pct":97.97},"functions":{"total":27,"covered":25,"skipped":0,"pct":92.59},"statements":{"total":154,"covered":148,"skipped":0,"pct":96.1},"branches":{"total":104,"covered":82,"skipped":0,"pct":78.84}}
,"/Users/pedromendoza/Documents/reservamos/siempreplus-widget/src/components/UserInfo.js": {"lines":{"total":19,"covered":17,"skipped":0,"pct":89.47},"functions":{"total":6,"covered":4,"skipped":0,"pct":66.66},"statements":{"total":20,"covered":18,"skipped":0,"pct":90},"branches":{"total":16,"covered":16,"skipped":0,"pct":100}}
,"/Users/pedromendoza/Documents/reservamos/siempreplus-widget/src/components/generics/AlertMessage.js": {"lines":{"total":2,"covered":2,"skipped":0,"pct":100},"functions":{"total":1,"covered":1,"skipped":0,"pct":100},"statements":{"total":2,"covered":2,"skipped":0,"pct":100},"branches":{"total":4,"covered":2,"skipped":0,"pct":50}}
,"/Users/pedromendoza/Documents/reservamos/siempreplus-widget/src/components/generics/ButtonWrapper.js": {"lines":{"total":2,"covered":2,"skipped":0,"pct":100},"functions":{"total":1,"covered":1,"skipped":0,"pct":100},"statements":{"total":2,"covered":2,"skipped":0,"pct":100},"branches":{"total":8,"covered":6,"skipped":0,"pct":75}}
,"/Users/pedromendoza/Documents/reservamos/siempreplus-widget/src/components/generics/FieldWrapper.js": {"lines":{"total":2,"covered":2,"skipped":0,"pct":100},"functions":{"total":1,"covered":1,"skipped":0,"pct":100},"statements":{"total":2,"covered":2,"skipped":0,"pct":100},"branches":{"total":8,"covered":6,"skipped":0,"pct":75}}
,"/Users/pedromendoza/Documents/reservamos/siempreplus-widget/src/components/generics/Modal.js": {"lines":{"total":4,"covered":4,"skipped":0,"pct":100},"functions":{"total":2,"covered":2,"skipped":0,"pct":100},"statements":{"total":4,"covered":4,"skipped":0,"pct":100},"branches":{"total":11,"covered":6,"skipped":0,"pct":54.54}}
,"/Users/pedromendoza/Documents/reservamos/siempreplus-widget/src/components/icons/EmailIcon.js": {"lines":{"total":2,"covered":2,"skipped":0,"pct":100},"functions":{"total":1,"covered":1,"skipped":0,"pct":100},"statements":{"total":2,"covered":2,"skipped":0,"pct":100},"branches":{"total":0,"covered":0,"skipped":0,"pct":100}}
,"/Users/pedromendoza/Documents/reservamos/siempreplus-widget/src/constants/modalContent.js": {"lines":{"total":0,"covered":0,"skipped":0,"pct":100},"functions":{"total":0,"covered":0,"skipped":0,"pct":100},"statements":{"total":0,"covered":0,"skipped":0,"pct":100},"branches":{"total":0,"covered":0,"skipped":0,"pct":100}}
,"/Users/pedromendoza/Documents/reservamos/siempreplus-widget/src/tests/mocks/getSessionMock.js": {"lines":{"total":36,"covered":36,"skipped":0,"pct":100},"functions":{"total":27,"covered":27,"skipped":0,"pct":100},"statements":{"total":39,"covered":39,"skipped":0,"pct":100},"branches":{"total":0,"covered":0,"skipped":0,"pct":100}}
,"/Users/pedromendoza/Documents/reservamos/siempreplus-widget/src/tests/mocks/mixpanelTracker.js": {"lines":{"total":7,"covered":7,"skipped":0,"pct":100},"functions":{"total":11,"covered":8,"skipped":0,"pct":72.72},"statements":{"total":7,"covered":7,"skipped":0,"pct":100},"branches":{"total":0,"covered":0,"skipped":0,"pct":100}}
,"/Users/pedromendoza/Documents/reservamos/siempreplus-widget/src/tests/mocks/siempreplusUser.js": {"lines":{"total":0,"covered":0,"skipped":0,"pct":100},"functions":{"total":0,"covered":0,"skipped":0,"pct":100},"statements":{"total":0,"covered":0,"skipped":0,"pct":100},"branches":{"total":0,"covered":0,"skipped":0,"pct":100}}
,"/Users/pedromendoza/Documents/reservamos/siempreplus-widget/src/tests/mocks/widgetProps.js": {"lines":{"total":1,"covered":1,"skipped":0,"pct":100},"functions":{"total":0,"covered":0,"skipped":0,"pct":100},"statements":{"total":1,"covered":1,"skipped":0,"pct":100},"branches":{"total":0,"covered":0,"skipped":0,"pct":100}}
,"/Users/pedromendoza/Documents/reservamos/siempreplus-widget/src/tests/utils/catchNextEvent.js": {"lines":{"total":6,"covered":0,"skipped":0,"pct":0},"functions":{"total":3,"covered":0,"skipped":0,"pct":0},"statements":{"total":6,"covered":0,"skipped":0,"pct":0},"branches":{"total":0,"covered":0,"skipped":0,"pct":100}}
,"/Users/pedromendoza/Documents/reservamos/siempreplus-widget/src/tests/utils/delay.js": {"lines":{"total":1,"covered":0,"skipped":0,"pct":0},"functions":{"total":2,"covered":0,"skipped":0,"pct":0},"statements":{"total":2,"covered":0,"skipped":0,"pct":0},"branches":{"total":0,"covered":0,"skipped":0,"pct":100}}
,"/Users/pedromendoza/Documents/reservamos/siempreplus-widget/src/tests/utils/domMatcher.js": {"lines":{"total":19,"covered":0,"skipped":0,"pct":0},"functions":{"total":8,"covered":0,"skipped":0,"pct":0},"statements":{"total":25,"covered":0,"skipped":0,"pct":0},"branches":{"total":16,"covered":0,"skipped":0,"pct":0}}
,"/Users/pedromendoza/Documents/reservamos/siempreplus-widget/src/tests/utils/randomEmail.js": {"lines":{"total":2,"covered":0,"skipped":0,"pct":0},"functions":{"total":1,"covered":0,"skipped":0,"pct":0},"statements":{"total":2,"covered":0,"skipped":0,"pct":0},"branches":{"total":0,"covered":0,"skipped":0,"pct":100}}
,"/Users/pedromendoza/Documents/reservamos/siempreplus-widget/src/tests/utils/setVal.js": {"lines":{"total":6,"covered":0,"skipped":0,"pct":0},"functions":{"total":1,"covered":0,"skipped":0,"pct":0},"statements":{"total":6,"covered":0,"skipped":0,"pct":0},"branches":{"total":2,"covered":0,"skipped":0,"pct":0}}
,"/Users/pedromendoza/Documents/reservamos/siempreplus-widget/src/tests/utils/textMatcher.js": {"lines":{"total":5,"covered":5,"skipped":0,"pct":100},"functions":{"total":4,"covered":4,"skipped":0,"pct":100},"statements":{"total":7,"covered":7,"skipped":0,"pct":100},"branches":{"total":4,"covered":3,"skipped":0,"pct":75}}
,"/Users/pedromendoza/Documents/reservamos/siempreplus-widget/src/translations/index.js": {"lines":{"total":0,"covered":0,"skipped":0,"pct":100},"functions":{"total":0,"covered":0,"skipped":0,"pct":100},"statements":{"total":0,"covered":0,"skipped":0,"pct":100},"branches":{"total":0,"covered":0,"skipped":0,"pct":100}}
,"/Users/pedromendoza/Documents/reservamos/siempreplus-widget/src/utils/capitalize.js": {"lines":{"total":2,"covered":2,"skipped":0,"pct":100},"functions":{"total":2,"covered":2,"skipped":0,"pct":100},"statements":{"total":2,"covered":2,"skipped":0,"pct":100},"branches":{"total":0,"covered":0,"skipped":0,"pct":100}}
,"/Users/pedromendoza/Documents/reservamos/siempreplus-widget/src/utils/emitEvent.js": {"lines":{"total":1,"covered":1,"skipped":0,"pct":100},"functions":{"total":1,"covered":1,"skipped":0,"pct":100},"statements":{"total":1,"covered":1,"skipped":0,"pct":100},"branches":{"total":0,"covered":0,"skipped":0,"pct":100}}
,"/Users/pedromendoza/Documents/reservamos/siempreplus-widget/src/utils/generatePubSub.js": {"lines":{"total":2,"covered":0,"skipped":0,"pct":0},"functions":{"total":1,"covered":0,"skipped":0,"pct":0},"statements":{"total":3,"covered":0,"skipped":0,"pct":0},"branches":{"total":5,"covered":0,"skipped":0,"pct":0}}
,"/Users/pedromendoza/Documents/reservamos/siempreplus-widget/src/utils/getSession.js": {"lines":{"total":18,"covered":11,"skipped":0,"pct":61.11},"functions":{"total":9,"covered":6,"skipped":0,"pct":66.66},"statements":{"total":18,"covered":11,"skipped":0,"pct":61.11},"branches":{"total":9,"covered":4,"skipped":0,"pct":44.44}}
,"/Users/pedromendoza/Documents/reservamos/siempreplus-widget/src/utils/mixpanelPrefix.js": {"lines":{"total":5,"covered":0,"skipped":0,"pct":0},"functions":{"total":1,"covered":0,"skipped":0,"pct":0},"statements":{"total":5,"covered":0,"skipped":0,"pct":0},"branches":{"total":3,"covered":0,"skipped":0,"pct":0}}
,"/Users/pedromendoza/Documents/reservamos/siempreplus-widget/src/utils/mixpanelTracker.js": {"lines":{"total":18,"covered":0,"skipped":0,"pct":0},"functions":{"total":10,"covered":0,"skipped":0,"pct":0},"statements":{"total":18,"covered":0,"skipped":0,"pct":0},"branches":{"total":6,"covered":0,"skipped":0,"pct":0}}
,"/Users/pedromendoza/Documents/reservamos/siempreplus-widget/src/utils/parseHiddenProp.js": {"lines":{"total":3,"covered":0,"skipped":0,"pct":0},"functions":{"total":2,"covered":0,"skipped":0,"pct":0},"statements":{"total":3,"covered":0,"skipped":0,"pct":0},"branches":{"total":1,"covered":0,"skipped":0,"pct":0}}
,"/Users/pedromendoza/Documents/reservamos/siempreplus-widget/src/utils/pubSub.js": {"lines":{"total":17,"covered":14,"skipped":0,"pct":82.35},"functions":{"total":7,"covered":4,"skipped":0,"pct":57.14},"statements":{"total":18,"covered":14,"skipped":0,"pct":77.77},"branches":{"total":6,"covered":5,"skipped":0,"pct":83.33}}
,"/Users/pedromendoza/Documents/reservamos/siempreplus-widget/src/utils/signInParsers.js": {"lines":{"total":5,"covered":4,"skipped":0,"pct":80},"functions":{"total":3,"covered":2,"skipped":0,"pct":66.66},"statements":{"total":5,"covered":4,"skipped":0,"pct":80},"branches":{"total":2,"covered":2,"skipped":0,"pct":100}}
,"/Users/pedromendoza/Documents/reservamos/siempreplus-widget/src/utils/sso.js": {"lines":{"total":14,"covered":0,"skipped":0,"pct":0},"functions":{"total":2,"covered":0,"skipped":0,"pct":0},"statements":{"total":15,"covered":0,"skipped":0,"pct":0},"branches":{"total":4,"covered":0,"skipped":0,"pct":0}}
,"/Users/pedromendoza/Documents/reservamos/siempreplus-widget/src/utils/theme.js": {"lines":{"total":4,"covered":0,"skipped":0,"pct":0},"functions":{"total":5,"covered":0,"skipped":0,"pct":0},"statements":{"total":7,"covered":0,"skipped":0,"pct":0},"branches":{"total":0,"covered":0,"skipped":0,"pct":100}}
,"/Users/pedromendoza/Documents/reservamos/siempreplus-widget/src/utils/urlsCleaner.js": {"lines":{"total":13,"covered":2,"skipped":0,"pct":15.38},"functions":{"total":2,"covered":1,"skipped":0,"pct":50},"statements":{"total":15,"covered":2,"skipped":0,"pct":13.33},"branches":{"total":8,"covered":0,"skipped":0,"pct":0}}
,"/Users/pedromendoza/Documents/reservamos/siempreplus-widget/src/utils/form-helpers/index.js": {"lines":{"total":12,"covered":12,"skipped":0,"pct":100},"functions":{"total":4,"covered":3,"skipped":0,"pct":75},"statements":{"total":18,"covered":15,"skipped":0,"pct":83.33},"branches":{"total":20,"covered":14,"skipped":0,"pct":70}}
,"/Users/pedromendoza/Documents/reservamos/siempreplus-widget/src/utils/form-helpers/normalizers.js": {"lines":{"total":2,"covered":2,"skipped":0,"pct":100},"functions":{"total":2,"covered":2,"skipped":0,"pct":100},"statements":{"total":2,"covered":2,"skipped":0,"pct":100},"branches":{"total":0,"covered":0,"skipped":0,"pct":100}}
,"/Users/pedromendoza/Documents/reservamos/siempreplus-widget/src/utils/form-helpers/form/index.js": {"lines":{"total":85,"covered":73,"skipped":0,"pct":85.88},"functions":{"total":26,"covered":20,"skipped":0,"pct":76.92},"statements":{"total":96,"covered":78,"skipped":0,"pct":81.25},"branches":{"total":67,"covered":48,"skipped":0,"pct":71.64}}
,"/Users/pedromendoza/Documents/reservamos/siempreplus-widget/src/utils/form-helpers/helpers/date-helpers.js": {"lines":{"total":4,"covered":3,"skipped":0,"pct":75},"functions":{"total":3,"covered":0,"skipped":0,"pct":0},"statements":{"total":6,"covered":3,"skipped":0,"pct":50},"branches":{"total":1,"covered":0,"skipped":0,"pct":0}}
,"/Users/pedromendoza/Documents/reservamos/siempreplus-widget/src/utils/form-helpers/validators/index.js": {"lines":{"total":19,"covered":10,"skipped":0,"pct":52.63},"functions":{"total":19,"covered":10,"skipped":0,"pct":52.63},"statements":{"total":19,"covered":10,"skipped":0,"pct":52.63},"branches":{"total":0,"covered":0,"skipped":0,"pct":100}}
,"/Users/pedromendoza/Documents/reservamos/siempreplus-widget/src/utils/form-helpers/validators/validator-between.js": {"lines":{"total":5,"covered":5,"skipped":0,"pct":100},"functions":{"total":2,"covered":2,"skipped":0,"pct":100},"statements":{"total":6,"covered":6,"skipped":0,"pct":100},"branches":{"total":4,"covered":4,"skipped":0,"pct":100}}
,"/Users/pedromendoza/Documents/reservamos/siempreplus-widget/src/utils/form-helpers/validators/validator-date-after.js": {"lines":{"total":6,"covered":0,"skipped":0,"pct":0},"functions":{"total":2,"covered":0,"skipped":0,"pct":0},"statements":{"total":8,"covered":0,"skipped":0,"pct":0},"branches":{"total":6,"covered":0,"skipped":0,"pct":0}}
,"/Users/pedromendoza/Documents/reservamos/siempreplus-widget/src/utils/form-helpers/validators/validator-date-before.js": {"lines":{"total":6,"covered":0,"skipped":0,"pct":0},"functions":{"total":2,"covered":0,"skipped":0,"pct":0},"statements":{"total":8,"covered":0,"skipped":0,"pct":0},"branches":{"total":6,"covered":0,"skipped":0,"pct":0}}
,"/Users/pedromendoza/Documents/reservamos/siempreplus-widget/src/utils/form-helpers/validators/validator-is-equal.js": {"lines":{"total":3,"covered":3,"skipped":0,"pct":100},"functions":{"total":2,"covered":2,"skipped":0,"pct":100},"statements":{"total":3,"covered":3,"skipped":0,"pct":100},"branches":{"total":0,"covered":0,"skipped":0,"pct":100}}
,"/Users/pedromendoza/Documents/reservamos/siempreplus-widget/src/utils/form-helpers/validators/validator-max-integer.js": {"lines":{"total":4,"covered":4,"skipped":0,"pct":100},"functions":{"total":2,"covered":2,"skipped":0,"pct":100},"statements":{"total":5,"covered":5,"skipped":0,"pct":100},"branches":{"total":2,"covered":2,"skipped":0,"pct":100}}
,"/Users/pedromendoza/Documents/reservamos/siempreplus-widget/src/utils/form-helpers/validators/validator-max-length.js": {"lines":{"total":6,"covered":5,"skipped":0,"pct":83.33},"functions":{"total":2,"covered":2,"skipped":0,"pct":100},"statements":{"total":9,"covered":7,"skipped":0,"pct":77.77},"branches":{"total":6,"covered":4,"skipped":0,"pct":66.66}}
,"/Users/pedromendoza/Documents/reservamos/siempreplus-widget/src/utils/form-helpers/validators/validator-min-integer.js": {"lines":{"total":4,"covered":0,"skipped":0,"pct":0},"functions":{"total":2,"covered":0,"skipped":0,"pct":0},"statements":{"total":5,"covered":0,"skipped":0,"pct":0},"branches":{"total":2,"covered":0,"skipped":0,"pct":0}}
,"/Users/pedromendoza/Documents/reservamos/siempreplus-widget/src/utils/form-helpers/validators/validator-min-length.js": {"lines":{"total":6,"covered":5,"skipped":0,"pct":83.33},"functions":{"total":2,"covered":2,"skipped":0,"pct":100},"statements":{"total":9,"covered":8,"skipped":0,"pct":88.88},"branches":{"total":6,"covered":5,"skipped":0,"pct":83.33}}
,"/Users/pedromendoza/Documents/reservamos/siempreplus-widget/src/utils/form-helpers/validators/validator-option-with-field.js": {"lines":{"total":5,"covered":5,"skipped":0,"pct":100},"functions":{"total":2,"covered":2,"skipped":0,"pct":100},"statements":{"total":7,"covered":7,"skipped":0,"pct":100},"branches":{"total":8,"covered":6,"skipped":0,"pct":75}}
,"/Users/pedromendoza/Documents/reservamos/siempreplus-widget/src/utils/form-helpers/validators/validator-pattern.js": {"lines":{"total":4,"covered":4,"skipped":0,"pct":100},"functions":{"total":2,"covered":2,"skipped":0,"pct":100},"statements":{"total":5,"covered":5,"skipped":0,"pct":100},"branches":{"total":2,"covered":2,"skipped":0,"pct":100}}
,"/Users/pedromendoza/Documents/reservamos/siempreplus-widget/src/utils/form-helpers/validators/validator-required.js": {"lines":{"total":4,"covered":4,"skipped":0,"pct":100},"functions":{"total":2,"covered":2,"skipped":0,"pct":100},"statements":{"total":6,"covered":4,"skipped":0,"pct":66.66},"branches":{"total":8,"covered":5,"skipped":0,"pct":62.5}}
}
